<?xml version="1.0" encoding="UTF-8"?>
<!-- Generated by org.testng.reporters.JUnitReportReporter -->
<testsuite hostname="DESKTOP-G9DFIBJ" failures="0" tests="2" name="TestPackage.TestCases360" time="76.696" errors="0" timestamp="2022-11-19T18:05:48 CET" skipped="0">
  <testcase classname="TestPackage.TestCases360" name="testcase1" time="46.379"/>
  <system-out/>
  <testcase classname="TestPackage.TestCases360" name="testcase2" time="30.317"/>
  <system-out/>
</testsuite> <!-- TestPackage.TestCases360 -->
