<?xml version="1.0" encoding="UTF-8"?>
<!-- Generated by org.testng.reporters.JUnitReportReporter -->
<testsuite hostname="DESKTOP-G9DFIBJ" failures="0" tests="2" name="TestPackage.day1" time="0.015" errors="0" timestamp="2022-11-12T17:17:59 CET" skipped="0">
  <testcase classname="TestPackage.day1" name="Demo" time="0.011"/>
  <system-out/>
  <testcase classname="TestPackage.day1" name="SecondTest" time="0.004"/>
  <system-out/>
</testsuite> <!-- TestPackage.day1 -->
