<?xml version="1.0" encoding="UTF-8"?>
<!-- Generated by org.testng.reporters.JUnitReportReporter -->
<testsuite hostname="DESKTOP-G9DFIBJ" failures="0" tests="2" name="TestPackage.AutomationPractice" time="57.923" errors="0" timestamp="2022-11-19T18:11:41 CET" skipped="0">
  <testcase classname="TestPackage.AutomationPractice" name="testcase1" time="27.055"/>
  <system-out/>
  <testcase classname="TestPackage.AutomationPractice" name="testcase2" time="30.868"/>
  <system-out/>
</testsuite> <!-- TestPackage.AutomationPractice -->
