<?xml version="1.0" encoding="UTF-8"?>
<!-- Generated by org.testng.reporters.JUnitReportReporter -->
<testsuite hostname="DESKTOP-G9DFIBJ" failures="0" tests="2" name="TestPackage.day2" time="0.009" errors="0" timestamp="2022-11-05T09:05:24 CET" skipped="0">
  <testcase classname="TestPackage.day2" name="Demo" time="0.005"/>
  <system-out/>
  <testcase classname="TestPackage.day2" name="SecondTest" time="0.004"/>
  <system-out/>
</testsuite> <!-- TestPackage.day2 -->
